<?xml version="1.0" encoding="UTF-8"?>
<testsuite xmlns:xsi="http://www.w3.org/2001/XMLSchema-instance" xsi:noNamespaceSchemaLocation="https://maven.apache.org/surefire/maven-surefire-plugin/xsd/surefire-test-report.xsd" name="CalculatorTest" time="0.702" tests="8" errors="0" skipped="0" failures="0">
  <properties>
[...]
</properties>
  <testcase name="factorialFalsePositive" classname="CalculatorTest" time="0.61"/>
  <testcase name="squarerootTruePositive" classname="CalculatorTest" time="0"/>
  <testcase name="natlogFalsePositive" classname="CalculatorTest" time="0.007"/>
  <testcase name="squarerootFalsePositive" classname="CalculatorTest" time="0.003"/>
  <testcase name="factorialTruePositive" classname="CalculatorTest" time="0"/>
  <testcase name="natlogTruePositive" classname="CalculatorTest" time="0.002"/>
  <testcase name="powerFalsePositive" classname="CalculatorTest" time="0"/>
  <testcase name="powerTruePositive" classname="CalculatorTest" time="0"/>
</testsuite>